[debug] [2022-05-06T12:18:58.942Z] ----------------------------------------------------------------------
[debug] [2022-05-06T12:18:58.944Z] Command:       /Users/takayama_555/.nodebrew/node/v14.18.1/bin/node /Users/takayama_555/.nodebrew/current/bin/firebase init
[debug] [2022-05-06T12:18:58.944Z] CLI Version:   10.8.0
[debug] [2022-05-06T12:18:58.944Z] Platform:      darwin
[debug] [2022-05-06T12:18:58.944Z] Node Version:  v14.18.1
[debug] [2022-05-06T12:18:58.946Z] Time:          Fri May 06 2022 21:18:58 GMT+0900 (日本標準時)
[debug] [2022-05-06T12:18:58.946Z] ----------------------------------------------------------------------
[debug] 
[debug] [2022-05-06T12:18:58.951Z] > command requires scopes: ["email","openid","https://www.googleapis.com/auth/cloudplatformprojects.readonly","https://www.googleapis.com/auth/firebase","https://www.googleapis.com/auth/cloud-platform"]
[debug] [2022-05-06T12:18:58.951Z] > authorizing via signed-in user (inari5019@gmail.com)
[info] 
     ######## #### ########  ######## ########     ###     ######  ########
     ##        ##  ##     ## ##       ##     ##  ##   ##  ##       ##
     ######    ##  ########  ######   ########  #########  ######  ######
     ##        ##  ##    ##  ##       ##     ## ##     ##       ## ##
     ##       #### ##     ## ######## ########  ##     ##  ######  ########

You're about to initialize a Firebase project in this directory:

  /Users/takayama_555/Firebase/teatre

[info] 
=== Project Setup
[info] 
[info] First, let's associate this project directory with a Firebase project.
[info] You can create multiple project aliases by running firebase use --add, 
[info] but for now we'll just set up a default project.
[info] 
[debug] [2022-05-06T12:35:44.293Z] > refreshing access token with scopes: []
[debug] [2022-05-06T12:35:44.294Z] >>> HTTP REQUEST POST https://www.googleapis.com/oauth2/v3/token  
 <request body omitted>
[debug] [2022-05-06T12:35:44.508Z] <<< HTTP RESPONSE 200 {"cache-control":"no-cache, no-store, max-age=0, must-revalidate","expires":"Mon, 01 Jan 1990 00:00:00 GMT","pragma":"no-cache","date":"Fri, 06 May 2022 12:35:44 GMT","content-type":"application/json; charset=utf-8","vary":"X-Origin, Referer, Origin,Accept-Encoding","server":"scaffolding on HTTPServer2","x-xss-protection":"0","x-frame-options":"SAMEORIGIN","x-content-type-options":"nosniff","alt-svc":"h3=\":443\"; ma=2592000,h3-29=\":443\"; ma=2592000,h3-Q050=\":443\"; ma=2592000,h3-Q046=\":443\"; ma=2592000,h3-Q043=\":443\"; ma=2592000,quic=\":443\"; ma=2592000; v=\"46,43\"","accept-ranges":"none","transfer-encoding":"chunked"}
[debug] [2022-05-06T12:35:44.557Z] >>> [apiv2][query] GET https://firebase.googleapis.com/v1beta1/projects pageSize=100
[debug] [2022-05-06T12:35:45.132Z] <<< [apiv2][status] GET https://firebase.googleapis.com/v1beta1/projects 200
[debug] [2022-05-06T12:35:45.132Z] <<< [apiv2][body] GET https://firebase.googleapis.com/v1beta1/projects [omitted]
[info] i  Using project teatre-9eb74 (TEATRE) 
[info] 
=== Hosting Setup
[info] 
[info] Your public directory is the folder (relative to your project directory) that
[info] will contain Hosting assets to be uploaded with firebase deploy. If you
[info] have a build process for your assets, use your build's output directory.
[info] 
[debug] [2022-05-06T12:36:16.217Z] >>> [apiv2][query] GET https://www.gstatic.com/firebasejs/releases.json [none]
[debug] [2022-05-06T12:36:16.316Z] <<< [apiv2][status] GET https://www.gstatic.com/firebasejs/releases.json 200
[debug] [2022-05-06T12:36:16.316Z] <<< [apiv2][body] GET https://www.gstatic.com/firebasejs/releases.json {"current":{"version":"9.7.0","browserURL":"https://www.gstatic.com/firebasejs/9.7.0/firebase.js","packageURL":"https://www.gstatic.com/firebasejs/9.7.0/firebase.tgz"},"live":{"version":"9.7","browserURL":"https://www.gstatic.com/firebasejs/live/9.7/firebase.js","packageURL":"https://www.gstatic.com/firebasejs/live/9.7/firebase.tgz"},"components":{"analytics":"https://www.gstatic.com/firebasejs/9.7.0/firebase-analytics.js","app":"https://www.gstatic.com/firebasejs/9.7.0/firebase-app.js","app-check":"https://www.gstatic.com/firebasejs/9.7.0/firebase-app-check.js","auth":"https://www.gstatic.com/firebasejs/9.7.0/firebase-auth.js","auth/cordova":"https://www.gstatic.com/firebasejs/9.7.0/firebase-auth/cordova.js","auth/react-native":"https://www.gstatic.com/firebasejs/9.7.0/firebase-auth/react-native.js","functions":"https://www.gstatic.com/firebasejs/9.7.0/firebase-functions.js","firestore":"https://www.gstatic.com/firebasejs/9.7.0/firebase-firestore.js","firestore/lite":"https://www.gstatic.com/firebasejs/9.7.0/firebase-firestore/lite.js","storage":"https://www.gstatic.com/firebasejs/9.7.0/firebase-storage.js","performance":"https://www.gstatic.com/firebasejs/9.7.0/firebase-performance.js","remote-config":"https://www.gstatic.com/firebasejs/9.7.0/firebase-remote-config.js","messaging":"https://www.gstatic.com/firebasejs/9.7.0/firebase-messaging.js","messaging/sw":"https://www.gstatic.com/firebasejs/9.7.0/firebase-messaging/sw.js","database":"https://www.gstatic.com/firebasejs/9.7.0/firebase-database.js","firestore.memory":"https://www.gstatic.com/firebasejs/9.7.0/firebase-firestore.memory.js"}}
[info] ✔  Wrote build/index.html 
[info] 
[info] i  Detected a .git folder at /Users/takayama_555 
[info] i  Authorizing with GitHub to upload your service account to a GitHub repository's secrets store. 
[info] 
[info] Visit this URL on this device to log in:
[info] https://github.com/login/oauth/authorize?client_id=89cf50f02ac6aaed3484&state=183410461&redirect_uri=http%3A%2F%2Flocalhost%3A9005&scope=read%3Auser%20repo%20public_repo
[info] 
[info] Waiting for authentication...
[debug] [2022-05-06T12:36:17.074Z] >>> HTTP REQUEST POST https://github.com/login/oauth/access_token  
 {"client_id":"89cf50f02ac6aaed3484","client_secret":"3330d14abc895d9a74d5f17cd7a00711fa2c5bf0","code":"99f85ce0ab043b3e43c3","redirect_uri":"http://localhost:9005","state":"183410461"}
[debug] [2022-05-06T12:36:17.441Z] <<< HTTP RESPONSE 200 {"server":"GitHub.com","date":"Fri, 06 May 2022 12:36:17 GMT","content-type":"application/json; charset=utf-8","transfer-encoding":"chunked","vary":"X-PJAX, X-PJAX-Container, Accept-Encoding, Accept, X-Requested-With","permissions-policy":"interest-cohort=()","etag":"W/\"740d221c275c7b60be3e15bf90b0b68d\"","cache-control":"max-age=0, private, must-revalidate","strict-transport-security":"max-age=31536000; includeSubdomains; preload","x-frame-options":"deny","x-content-type-options":"nosniff","x-xss-protection":"0","referrer-policy":"origin-when-cross-origin, strict-origin-when-cross-origin","expect-ct":"max-age=2592000, report-uri=\"https://api.github.com/_private/browser/errors\"","content-security-policy":"default-src 'none'; base-uri 'self'; block-all-mixed-content; child-src github.com/assets-cdn/worker/ gist.github.com/assets-cdn/worker/; connect-src 'self' uploads.github.com objects-origin.githubusercontent.com www.githubstatus.com collector.github.com raw.githubusercontent.com api.github.com github-cloud.s3.amazonaws.com github-production-repository-file-5c1aeb.s3.amazonaws.com github-production-upload-manifest-file-7fdce7.s3.amazonaws.com github-production-user-asset-6210df.s3.amazonaws.com cdn.optimizely.com logx.optimizely.com/v1/events translator.github.com *.actions.githubusercontent.com wss://*.actions.githubusercontent.com online.visualstudio.com/api/v1/locations github-production-repository-image-32fea6.s3.amazonaws.com github-production-release-asset-2e65be.s3.amazonaws.com insights.github.com wss://alive.github.com; font-src github.githubassets.com; form-action 'self' github.com gist.github.com objects-origin.githubusercontent.com; frame-ancestors 'none'; frame-src render.githubusercontent.com viewscreen.githubusercontent.com notebooks.githubusercontent.com; img-src 'self' data: github.githubassets.com identicons.github.com github-cloud.s3.amazonaws.com secured-user-images.githubusercontent.com/ *.githubusercontent.com; manifest-src 'self'; media-src github.com user-images.githubusercontent.com/; script-src github.githubassets.com; style-src 'unsafe-inline' github.githubassets.com; worker-src github.com/assets-cdn/worker/ gist.github.com/assets-cdn/worker/","x-github-request-id":"CAF3:4A87:7C4DF6:A03B85:62751641"}
[debug] [2022-05-06T12:36:17.445Z] >>> [apiv2][query] GET https://api.github.com/user [none]
[debug] [2022-05-06T12:36:17.821Z] <<< [apiv2][status] GET https://api.github.com/user 200
[debug] [2022-05-06T12:36:17.821Z] <<< [apiv2][body] GET https://api.github.com/user {"login":"takaba55","id":104880874,"node_id":"U_kgDOBkBa6g","avatar_url":"https://avatars.githubusercontent.com/u/104880874?v=4","gravatar_id":"","url":"https://api.github.com/users/takaba55","html_url":"https://github.com/takaba55","followers_url":"https://api.github.com/users/takaba55/followers","following_url":"https://api.github.com/users/takaba55/following{/other_user}","gists_url":"https://api.github.com/users/takaba55/gists{/gist_id}","starred_url":"https://api.github.com/users/takaba55/starred{/owner}{/repo}","subscriptions_url":"https://api.github.com/users/takaba55/subscriptions","organizations_url":"https://api.github.com/users/takaba55/orgs","repos_url":"https://api.github.com/users/takaba55/repos","events_url":"https://api.github.com/users/takaba55/events{/privacy}","received_events_url":"https://api.github.com/users/takaba55/received_events","type":"User","site_admin":false,"name":null,"company":null,"blog":"","location":null,"email":null,"hireable":null,"bio":null,"twitter_username":null,"public_repos":0,"public_gists":0,"followers":0,"following":0,"created_at":"2022-05-04T03:27:45Z","updated_at":"2022-05-04T04:00:05Z","private_gists":0,"total_private_repos":1,"owned_private_repos":1,"disk_usage":833,"collaborators":0,"two_factor_authentication":false,"plan":{"name":"free","space":976562499,"collaborators":0,"private_repos":10000}}
[info] 
[info] ✔  Success! Logged into GitHub as takaba55 
[info] 
